SF:lib/timer/data/models/timer_model.dart
DA:11,2
DA:12,1
DA:14,2
DA:16,2
LF:4
LH:4
end_of_record
SF:lib/timer/data/models/timer_model.g.dart
DA:9,2
DA:10,1
DA:11,1
DA:14,1
DA:15,1
DA:16,1
DA:17,1
LF:7
LH:7
end_of_record
SF:lib/timer/domain/entity/timer_entity.dart
DA:7,3
DA:9,0
DA:10,0
LF:3
LH:1
end_of_record
SF:lib/core/exceptions/failures.dart
DA:6,1
DA:7,1
LF:2
LH:2
end_of_record
SF:lib/core/success.dart
DA:4,1
DA:5,1
LF:2
LH:2
end_of_record
SF:lib/timer/domain/usecase/get_timer.dart
DA:10,1
DA:12,1
DA:13,2
LF:3
LH:3
end_of_record
SF:lib/timer/domain/usecase/set_timer.dart
DA:10,1
DA:12,1
DA:13,2
LF:3
LH:3
end_of_record
